make all --print-data-base --no-builtin-variables --no-builtin-rules --question
make: *** No rule to make target 'all'.  Stop.

# GNU Make 4.3
# Built for x86_64-pc-linux-gnu
# Copyright (C) 1988-2020 Free Software Foundation, Inc.
# License GPLv3+: GNU GPL version 3 or later <http://gnu.org/licenses/gpl.html>
# This is free software: you are free to change and redistribute it.
# There is NO WARRANTY, to the extent permitted by law.

# Make data base, printed on Fri Jun 17 08:57:23 2022

# Variables

# environment
GDK_BACKEND = x11
# environment
LC_ALL = C
# environment
I3SOCK = /run/user/1000/i3/ipc-socket.1200
# environment
VSCODE_IPC_HOOK_EXTHOST = /run/user/1000/vscode-ipc-0f7ffa45-8aa1-448b-a0a2-6ca2b6085032.sock
# environment
VSCODE_CWD = /home/masv
# environment
GPG_TTY = not a tty
# environment
WINDOWPATH = 7
# default
MAKE_COMMAND := make
# environment
QT_ACCESSIBILITY = 1
# environment
GOPATH = /home/masv/go
# automatic
@D = $(patsubst %/,%,$(dir $@))
# environment
GDK_DPI_SCALE = 0.5
# environment
VSCODE_HANDLES_UNCAUGHT_ERRORS = true
# default
.VARIABLES := 
# environment
PWD = /home/masv/git/goladok3
# automatic
%D = $(patsubst %/,%,$(dir $%))
# environment
PS1 = [$?][$(date +%y-%m-%dT%H:%M:%S)]$(__git_ps1 '[%s]')[\w][$]> 
# automatic
^D = $(patsubst %/,%,$(dir $^))
# environment
VSCODE_LOG_STACK = false
# automatic
%F = $(notdir $%)
# environment
VSCODE_CODE_CACHE_PATH = /home/masv/.config/Code/CachedData/4af164ea3a06f701fe3e89a2bcbb421d2026b68f
# environment
LANG = C
# default
.LOADED := 
# default
.INCLUDE_DIRS = /usr/local/include /usr/include /usr/include
# makefile
MAKEFLAGS = pqrR
# makefile
CURDIR := /home/masv/git/goladok3
# environment
VSCODE_PIPE_LOGGING = true
# environment
APPLICATION_INSIGHTS_NO_DIAGNOSTIC_CHANNEL = 1
# automatic
*D = $(patsubst %/,%,$(dir $*))
# makefile (from 'Makefile', line 5)
VERSION := v0.0.75
# environment
MFLAGS = -pqrR
# environment
SSH_AUTH_SOCK = /run/user/1000/gnupg/S.gpg-agent.ssh
# default
.SHELLFLAGS := -c
# automatic
+D = $(patsubst %/,%,$(dir $+))
# makefile (from 'Makefile', line 1)
MAKEFILE_LIST := Makefile
# automatic
@F = $(notdir $@)
# environment
VSCODE_VERBOSE_LOGGING = true
# environment
VSCODE_PID = 2811
# environment
XDG_SESSION_TYPE = x11
# automatic
?D = $(patsubst %/,%,$(dir $?))
# automatic
*F = $(notdir $*)
# makefile (from 'Makefile', line 6)
COMMIT_MSG := Add some more tracing to other methods as well.
# environment
CHROME_DESKTOP = code-url-handler.desktop
# environment
DBUS_SESSION_BUS_ADDRESS = unix:path=/run/user/1000/bus
# automatic
<D = $(patsubst %/,%,$(dir $<))
# environment
VSCODE_NLS_CONFIG = {"locale":"en-us","availableLanguages":{},"_languagePackSupport":true}
# default
MAKE_HOST := x86_64-pc-linux-gnu
# makefile
SHELL = /bin/sh
# default
MAKECMDGOALS := all
# environment
XMODIFIERS = @im=ibus
# environment
SHLVL = 0
# environment
MAKELEVEL := 0
# default
MAKE = $(MAKE_COMMAND)
# environment
PATH = /usr/local/bin:/usr/bin:/bin:/usr/local/go/bin
# environment
NIX_SSL_CERT_FILE = /etc/ssl/certs/ca-certificates.crt
# default
MAKEFILES := 
# automatic
^F = $(notdir $^)
# environment
VSCODE_LOG_NATIVE = false
# environment
GDK_SCALE = 3
# automatic
?F = $(notdir $?)
# makefile (from 'Makefile', line 3)
NAME := goladok3
# environment
ELM_SCALE = 1.5
# environment
XDG_SEAT = seat0
# environment
GTK_IM_MODULE = ibus
# environment
LS_COLORS = 
# automatic
+F = $(notdir $+)
# environment
ORIGINAL_XDG_CURRENT_DESKTOP = undefined
# 'override' directive
GNUMAKEFLAGS := 
# environment
CLUTTER_IM_MODULE = ibus
# environment
LOGNAME = masv
# environment
XDG_VTNR = 7
# makefile
.DEFAULT_GOAL := default
# environment
DISPLAY = :0
# environment
USER = masv
# default
MAKE_VERSION := 4.3
# 'override' directive
.SHELLSTATUS := 0
# environment
NIX_PROFILES = /nix/var/nix/profiles/default /home/masv/.nix-profile
# environment
_ = /usr/share/code/code
# environment
XDG_RUNTIME_DIR = /run/user/1000
# environment
GPG_AGENT_INFO = /run/user/1000/gnupg/S.gpg-agent:0:1
# environment
GOMODCACHE = /home/masv/go/pkg/mod
# environment
XDG_SESSION_CLASS = user
# environment
VSCODE_AMD_ENTRYPOINT = vs/workbench/api/node/extensionHostProcess
# environment
HOME = /home/masv
# environment
QT_IM_MODULE = ibus
# environment
ELECTRON_RUN_AS_NODE = 1
# environment
VSCODE_IPC_HOOK = /run/user/1000/vscode-27756814-1.68.0-main.sock
# environment
XDG_SESSION_ID = 1
# environment
GOPROXY = https://proxy.golang.org,direct
# default
.RECIPEPREFIX := 
# automatic
<F = $(notdir $<)
# default
SUFFIXES := 
# makefile (from 'Makefile', line 4)
TAGS := 0.0.1 0.0.2 0.0.3 0.0.4 0.0.5 0.0.6 0.0.7 0.0.8 0.0.9 v0.0.1 v0.0.10 v0.0.11 v0.0.12 v0.0.13 v0.0.14 v0.0.15 v0.0.16 v0.0.17 v0.0.18 v0.0.19 v0.0.20 v0.0.21 v0.0.22 v0.0.23 v0.0.24 v0.0.25 v0.0.26 v0.0.27 v0.0.28 v0.0.29 v0.0.30 v0.0.31 v0.0.32 v0.0.33 v0.0.34 v0.0.35 v0.0.36 v0.0.37 v0.0.38 v0.0.39 v0.0.40 v0.0.41 v0.0.42 v0.0.43 v0.0.44 v0.0.45 v0.0.46 v0.0.47 v0.0.48 v0.0.49 v0.0.50 v0.0.51 v0.0.52 v0.0.53 v0.0.54 v0.0.55 v0.0.56 v0.0.57 v0.0.58 v0.0.59 v0.0.60 v0.0.61 v0.0.62 v0.0.63 v0.0.64 v0.0.65 v0.0.66 v0.0.67 v0.0.68 v0.0.69 v0.0.70 v0.0.71 v0.0.72 v0.0.73 v0.0.74 v0.0.75
# environment
QT_AUTO_SCREEN_SCALE_FACTOR = 1
# default
.FEATURES := target-specific order-only second-expansion else-if shortest-stem undefine oneshell nocomment grouped-target extra-prereqs archives jobserver output-sync check-symlink load
# variable set hash-table stats:
# Load=95/1024=9%, Rehash=0, Collisions=4/141=3%

# Pattern-specific Variable Values

# No pattern-specific variable values.

# Directories

# . (device 65025, inode 14944694): 31 files, no impossibilities.

# 31 files, no impossibilities in 1 directories.

# Implicit Rules

# No implicit rules.

# Files

dist:
#  Phony target (prerequisite of .PHONY).
#  Implicit rule search has not been done.
#  File does not exist.
#  File has not been updated.

deploy:
#  Phony target (prerequisite of .PHONY).
#  Implicit rule search has not been done.
#  File does not exist.
#  File has not been updated.

update:
#  Phony target (prerequisite of .PHONY).
#  Implicit rule search has not been done.
#  File does not exist.
#  File has not been updated.

commit:
#  Implicit rule search has not been done.
#  Modification time never checked.
#  File has not been updated.
#  recipe to execute (from 'Makefile', line 33):
		git commit -S -m"${NAME} release $(VERSION): $(COMMIT_MSG)"

push-main:
#  Implicit rule search has not been done.
#  Modification time never checked.
#  File has not been updated.
#  recipe to execute (from 'Makefile', line 42):
		git push origin main

git-status:
#  Implicit rule search has not been done.
#  Modification time never checked.
#  File has not been updated.
#  recipe to execute (from 'Makefile', line 22):
	$(info files to be added:)
	@git status
	read -p "Press enter in order to precede"

package:
#  Phony target (prerequisite of .PHONY).
#  Implicit rule search has not been done.
#  File does not exist.
#  File has not been updated.

default: release-patch
#  Implicit rule search has not been done.
#  Modification time never checked.
#  File has not been updated.

push-tag:
#  Implicit rule search has not been done.
#  Modification time never checked.
#  File has not been updated.
#  recipe to execute (from 'Makefile', line 39):
		git push origin ${VERSION}

 
release-patch: check-tag check-files tidy test add commit release-tag push-tag push-main go-list
#  Implicit rule search has not been done.
#  Modification time never checked.
#  File has not been updated.
#  recipe to execute (from 'Makefile', line 11):
		$(info relese ${NAME}@${VERSION})

release-tag:
#  Implicit rule search has not been done.
#  Modification time never checked.
#  File has not been updated.
#  recipe to execute (from 'Makefile', line 36):
		git tag ${VERSION}

go-list:
#  Implicit rule search has not been done.
#  Modification time never checked.
#  File has not been updated.
#  recipe to execute (from 'Makefile', line 55):
		GOPROXY=proxy.golang.org go list -m github.com/masv3971/${NAME}@${VERSION}

# Not a target:
Makefile:
#  Implicit rule search has been done.
#  Last modified 2022-05-31 14:52:37.928615146
#  File has been updated.
#  Successfully updated.

tidy:
#  Implicit rule search has not been done.
#  Modification time never checked.
#  File has not been updated.
#  recipe to execute (from 'Makefile', line 14):
		$(info tidy up..)
		go mod tidy

clean:
#  Phony target (prerequisite of .PHONY).
#  Implicit rule search has not been done.
#  File does not exist.
#  File has not been updated.

check-license-file:
#  Implicit rule search has not been done.
#  Modification time never checked.
#  File has not been updated.

check-tag:
#  Phony target (prerequisite of .PHONY).
#  Implicit rule search has not been done.
#  File does not exist.
#  File has not been updated.
#  recipe to execute (from 'Makefile', line 49):
	git fetch --tags
	$(error $(VERSION) is already used, make other one please)

# Not a target:
.DEFAULT:
#  Implicit rule search has not been done.
#  Modification time never checked.
#  File has not been updated.

build-all:
#  Phony target (prerequisite of .PHONY).
#  Implicit rule search has not been done.
#  File does not exist.
#  File has not been updated.

# Not a target:
all:
#  Command line target.
#  Implicit rule search has been done.
#  File does not exist.
#  File has not been updated.

run:
#  Phony target (prerequisite of .PHONY).
#  Implicit rule search has not been done.
#  File does not exist.
#  File has not been updated.

build:
#  Phony target (prerequisite of .PHONY).
#  Implicit rule search has not been done.
#  File does not exist.
#  File has not been updated.

authors:
#  Phony target (prerequisite of .PHONY).
#  Implicit rule search has not been done.
#  File does not exist.
#  File has not been updated.

test:
#  Phony target (prerequisite of .PHONY).
#  Implicit rule search has not been done.
#  File does not exist.
#  File has not been updated.
#  recipe to execute (from 'Makefile', line 18):
		$(info test ${NAME})
		go test -v --cover .

add: git-status
#  Implicit rule search has not been done.
#  Modification time never checked.
#  File has not been updated.
#  recipe to execute (from 'Makefile', line 27):
	git add .

check-files: check-release-file check-license-file check-readme-file
#  Implicit rule search has not been done.
#  Modification time never checked.
#  File has not been updated.

check-readme-file:
#  Implicit rule search has not been done.
#  Modification time never checked.
#  File has not been updated.

.PHONY: update clean build build-all run package deploy test authors dist check-tag
#  Implicit rule search has not been done.
#  Modification time never checked.
#  File has not been updated.

check-release-file:
#  Implicit rule search has not been done.
#  Modification time never checked.
#  File has not been updated.

# files hash-table stats:
# Load=30/1024=3%, Rehash=0, Collisions=0/80=0%
# VPATH Search Paths

# No 'vpath' search paths.

# No general ('VPATH' variable) search path.

# strcache buffers: 1 (0) / strings = 62 / storage = 753 B / avg = 12 B
# current buf: size = 8162 B / used = 753 B / count = 62 / avg = 12 B

# strcache performance: lookups = 100 / hit rate = 38%
# hash-table stats:
# Load=62/8192=1%, Rehash=0, Collisions=0/100=0%
# Finished Make data base on Fri Jun 17 08:57:23 2022

 
